Log file open, 03/04/17 23:45:45
LogInit:Display: Running engine for game: Clean
LogPlatformFile: Not using cached read wrapper
LogInit:Display: RandInit(-1060709158) SRandInit(-1060709158).
LogTaskGraph: Started task graph with 5 named threads and 8 total threads with 1 sets of task threads.
LogStats: Stats thread started at 0.094191
LogInit: Using libcurl 7.47.1
LogInit:  - built for x86_64-pc-win32
LogInit:  - supports SSL with OpenSSL/1.0.2g
LogInit:  - supports HTTP deflate (compression) using libz 1.2.8
LogInit:  - other features:
LogInit:      CURL_VERSION_SSL
LogInit:      CURL_VERSION_LIBZ
LogInit:      CURL_VERSION_IPV6
LogInit:      CURL_VERSION_ASYNCHDNS
LogInit:      CURL_VERSION_LARGEFILE
LogInit:      CURL_VERSION_IDN
LogInit:  CurlRequestOptions (configurable via config and command line):
LogInit:  - bVerifyPeer = false  - Libcurl will NOT verify peer certificate
LogInit:  - bUseHttpProxy = false  - Libcurl will NOT use HTTP proxy
LogInit:  - bDontReuseConnections = false  - Libcurl will reuse connections
LogInit:  - CertBundlePath = nullptr  - Libcurl will use whatever was configured at build time.
OCULUS: Info: [CAPI] LibOVR module is located at C:\Program Files\Oculus\Support\oculus-runtime\LibOVRRT64_1.dll
OCULUS: Info: [HMDState] Requested to SetForegroundWindow(950810ll)
OCULUS: Debug: Connected to the server running version (prod = 1).1.12.0(build = 347531) feature version = 0. Client runs version (prod = 1).1.12.0(build = 347531) feature version = 0
LogInit: Build: ++UE4+Release-4.15-CL-3299760
LogInit: Engine Version: 4.15.0-3299760+++UE4+Release-4.15
LogInit: Compatible Engine Version: 4.15.0-3299760+++UE4+Release-4.15
LogInit: Net CL: 3299760
LogDevObjectVersion: Number of dev versions registered: 14
LogDevObjectVersion:   Dev-Blueprints (B0D832E4-1F89-4F0D-ACCF-7EB736FD4AA2): 8
LogDevObjectVersion:   Dev-Build (E1C64328-A22C-4D53-A36C-8E866417BD8C): 0
LogDevObjectVersion:   Dev-Core (375EC13C-06E4-48FB-B500-84F0262A717E): 2
LogDevObjectVersion:   Dev-Editor (E4B068ED-F494-42E9-A231-DA0B2E46BB41): 14
LogDevObjectVersion:   Dev-Framework (CFFC743F-43B0-4480-9391-14DF171D2073): 22
LogDevObjectVersion:   Dev-Mobile (B02B49B5-BB20-44E9-A304-32B752E40360): 0
LogDevObjectVersion:   Dev-Networking (A4E4105C-59A1-49B5-A7C5-40C4547EDFEE): 0
LogDevObjectVersion:   Dev-Online (39C831C9-5AE6-47DC-9A44-9C173E1C8E7C): 0
LogDevObjectVersion:   Dev-Physics (78F01B33-EBEA-4F98-B9B4-84EACCB95AA2): 0
LogDevObjectVersion:   Dev-Platform (6631380F-2D4D-43E0-8009-CF276956A95A): 0
LogDevObjectVersion:   Dev-Rendering (12F88B9F-8875-4AFC-A67C-D90C383ABD29): 12
LogDevObjectVersion:   Dev-Sequencer (7B5AE74C-D270-4C10-A958-57980B212A5A): 3
LogDevObjectVersion:   Dev-VR (D7296918-1DD6-4BDD-9DE2-64A83CC13884): 0
LogDevObjectVersion:   Dev-LoadTimes (C2A15278-BFE7-4AFE-6C17-90FF531DF755): 1
LogInit: Compiled (64-bit): Feb 14 2017 02:04:14
LogInit: Compiled with Visual C++: 19.00.23026.00
LogInit: Build Configuration: Development
LogInit: Branch Name: ++UE4+Release-4.15
LogInit: Command line:  
LogInit: Base directory: C:/Program Files/Epic Games/UE_4.15/Engine/Binaries/Win64/
LogInit: Installed Engine Build: 1
LogInit: Presizing for max 8388607 objects, including 0 objects not considered by GC, pre-allocating 0 bytes for permanent pool.
LogInit: Object subsystem initialized
[2017.03.04-23.45.47:498][  0]LogConsoleManager:Display: Setting the console variable 'r.RHICmdBypass' with 'SetByProjectSetting' was ignored as it is lower priority than the previous 'SetBySystemSettingsIni'. Value remains '1'
[2017.03.04-23.45.47:504][  0]LogInit: Selected Device Profile: [Windows]
[2017.03.04-23.45.47:504][  0]LogInit: Applying CVar settings loaded from the selected device profile: [Windows]
[2017.03.04-23.45.47:521][  0]LogInit: Computer: DEREK-PC
[2017.03.04-23.45.47:521][  0]LogInit: User: Derek
[2017.03.04-23.45.47:521][  0]LogInit: CPU Page size=65536, Cores=4
[2017.03.04-23.45.47:521][  0]LogInit: High frequency timer resolution =2.873556 MHz
[2017.03.04-23.45.47:521][  0]LogMemory: Memory total: Physical=8.0GB (8GB approx)
[2017.03.04-23.45.47:521][  0]LogMemory: Platform Memory Stats for Windows
[2017.03.04-23.45.47:521][  0]LogMemory: Process Physical Memory: 267.32 MB used, 267.32 MB peak
[2017.03.04-23.45.47:521][  0]LogMemory: Process Virtual Memory: 265.61 MB used, 265.61 MB peak
[2017.03.04-23.45.47:521][  0]LogMemory: Physical Memory: 4686.68 MB used,  3464.43 MB free, 8151.11 MB total
[2017.03.04-23.45.47:521][  0]LogMemory: Virtual Memory: 684.24 MB used,  3464.43 MB free, 134217728.00 MB total
[2017.03.04-23.45.47:679][  0]LogTextLocalizationManager: No specific translations for ('en-US') exist, so ('en') translations will be used.
[2017.03.04-23.45.48:501][  0]LogD3D11RHI: D3D11 adapters:
[2017.03.04-23.45.48:541][  0]LogD3D11RHI:    0. 'NVIDIA GeForce GTX 970' (Feature Level 11_0)
[2017.03.04-23.45.48:541][  0]LogD3D11RHI:       4059/0/4075 MB DedicatedVideo/DedicatedSystem/SharedSystem, Outputs:2, VendorId:0x10de
[2017.03.04-23.45.48:544][  0]LogD3D11RHI:    1. 'Microsoft Basic Render Driver' (Feature Level 11_0)
[2017.03.04-23.45.48:544][  0]LogD3D11RHI:       0/0/4075 MB DedicatedVideo/DedicatedSystem/SharedSystem, Outputs:0, VendorId:0x1414
[2017.03.04-23.45.48:544][  0]LogD3D11RHI: Chosen D3D11 Adapter: 0
[2017.03.04-23.45.48:548][  0]LogD3D11RHI: Creating new Direct3DDevice
[2017.03.04-23.45.48:548][  0]LogD3D11RHI:     GPU DeviceId: 0x13c2 (for the marketing name, search the web for "GPU Device Id")
[2017.03.04-23.45.48:548][  0]LogWindows: EnumDisplayDevices:
[2017.03.04-23.45.48:548][  0]LogWindows:    0. 'NVIDIA GeForce GTX 970' (P:1 D:1)
[2017.03.04-23.45.48:549][  0]LogWindows:    1. 'NVIDIA GeForce GTX 970' (P:0 D:1)
[2017.03.04-23.45.48:549][  0]LogWindows:    2. 'NVIDIA GeForce GTX 970' (P:0 D:0)
[2017.03.04-23.45.48:549][  0]LogWindows:    3. 'NVIDIA GeForce GTX 970' (P:0 D:0)
[2017.03.04-23.45.48:549][  0]LogWindows: DebugString: FoundDriverCount:4 
[2017.03.04-23.45.48:549][  0]LogD3D11RHI:     Adapter Name: NVIDIA GeForce GTX 970
[2017.03.04-23.45.48:549][  0]LogD3D11RHI:   Driver Version: 378.49 (internal:21.21.13.7849, unified:378.49)
[2017.03.04-23.45.48:549][  0]LogD3D11RHI:      Driver Date: 1-20-2017
[2017.03.04-23.45.48:549][  0]LogRHI: Texture pool is 1361 MB (70% of 1945 MB)
[2017.03.04-23.45.48:569][  0]LogD3D11RHI: Async texture creation enabled
[2017.03.04-23.45.48:587][  0]LogD3D11RHI: GPU Timing Frequency: 1000.000000 (Debug: 2 2)
[2017.03.04-23.45.48:687][  0]LogShaderCompilers: Guid format shader working directory is 1 characters bigger than the processId version (../../../../../../Users/Derek/Documents/Clean/Intermediate/Shaders/WorkingDirectory/9820/).
[2017.03.04-23.45.48:687][  0]LogShaderCompilers: Cleaned the shader compiler working directory 'C:/Users/Derek/AppData/Local/Temp/UnrealShaderWorkingDir/C2B5A0D149096B333A219A889EBA0F98/'.
[2017.03.04-23.45.48:687][  0]LogShaderCompilers:Display: Using Local Shader Compiler.
[2017.03.04-23.45.50:313][  0]LogTemp:Display: Loaded TP AllDesktopTargetPlatform
[2017.03.04-23.45.50:406][  0]LogTemp:Display: Loaded TP MacClientTargetPlatform
[2017.03.04-23.45.50:499][  0]LogTemp:Display: Loaded TP MacNoEditorTargetPlatform
[2017.03.04-23.45.50:590][  0]LogTemp:Display: Loaded TP MacServerTargetPlatform
[2017.03.04-23.45.50:684][  0]LogTemp:Display: Loaded TP MacTargetPlatform
[2017.03.04-23.45.50:777][  0]LogTemp:Display: Loaded TP WindowsClientTargetPlatform
[2017.03.04-23.45.50:872][  0]LogTemp:Display: Loaded TP WindowsNoEditorTargetPlatform
[2017.03.04-23.45.50:964][  0]LogTemp:Display: Loaded TP WindowsServerTargetPlatform
[2017.03.04-23.45.51:042][  0]LogTemp:Display: Loaded TP WindowsTargetPlatform
[2017.03.04-23.45.51:136][  0]LogTemp:Display: Loaded TP AndroidTargetPlatform
[2017.03.04-23.45.51:227][  0]LogTemp:Display: Loaded TP Android_ASTCTargetPlatform
[2017.03.04-23.45.51:319][  0]LogTemp:Display: Loaded TP Android_ATCTargetPlatform
[2017.03.04-23.45.51:411][  0]LogTemp:Display: Loaded TP Android_DXTTargetPlatform
[2017.03.04-23.45.51:502][  0]LogTemp:Display: Loaded TP Android_ETC1TargetPlatform
[2017.03.04-23.45.51:593][  0]LogTemp:Display: Loaded TP Android_ETC2TargetPlatform
[2017.03.04-23.45.51:778][  0]LogTemp:Display: Loaded TP Android_MultiTargetPlatform
[2017.03.04-23.45.51:778][  0]LogTemp:Display: Loaded TP Android_PVRTCTargetPlatform
[2017.03.04-23.45.51:843][  0]LogTemp:Display: Loaded TP HTML5TargetPlatform
[2017.03.04-23.45.51:996][  0]LogTemp:Display: Loaded TP IOSTargetPlatform
[2017.03.04-23.45.52:057][  0]LogTemp:Display: Loaded TP TVOSTargetPlatform
[2017.03.04-23.45.52:150][  0]LogTemp:Display: Loaded TP LinuxClientTargetPlatform
[2017.03.04-23.45.52:247][  0]LogTemp:Display: Loaded TP LinuxNoEditorTargetPlatform
[2017.03.04-23.45.52:338][  0]LogTemp:Display: Loaded TP LinuxServerTargetPlatform
[2017.03.04-23.45.52:431][  0]LogTemp:Display: Loaded TP LinuxTargetPlatform
[2017.03.04-23.45.52:431][  0]LogTargetPlatformManager:Display: Building Assets For Windows
[2017.03.04-23.45.53:220][  0]LogDerivedDataCache:Display: Max Cache Size: 512 MB
[2017.03.04-23.45.53:298][  0]LogDerivedDataCache: Loaded boot cache 0.08s 51MB C:/Users/Derek/AppData/Local/UnrealEngine/4.15/DerivedDataCache/Boot.ddc.
[2017.03.04-23.45.53:298][  0]LogDerivedDataCache:Display: Loaded Boot cache: C:/Users/Derek/AppData/Local/UnrealEngine/4.15/DerivedDataCache/Boot.ddc
[2017.03.04-23.45.53:298][  0]LogDerivedDataCache: FDerivedDataBackendGraph:  Pak pak cache file ../../../../../../Users/Derek/Documents/Clean/DerivedDataCache/DDC.ddp not found, will not use a pak cache.
[2017.03.04-23.45.53:298][  0]LogDerivedDataCache: Unable to find inner node Pak for hierarchical cache Hierarchy.
[2017.03.04-23.45.53:298][  0]LogDerivedDataCache: FDerivedDataBackendGraph:  CompressedPak pak cache file ../../../../../../Users/Derek/Documents/Clean/DerivedDataCache/Compressed.ddp not found, will not use a pak cache.
[2017.03.04-23.45.53:298][  0]LogDerivedDataCache: Unable to find inner node CompressedPak for hierarchical cache Hierarchy.
[2017.03.04-23.45.53:325][  0]LogDerivedDataCache:Display: Pak cache opened for reading ../../../Engine/DerivedDataCache/Compressed.ddp.
[2017.03.04-23.45.53:338][  0]LogDerivedDataCache: Using Local data cache path C:/Users/Derek/AppData/Local/UnrealEngine/Common/DerivedDataCache: Writable
[2017.03.04-23.45.53:350][  0]LogSlate: Using Freetype 2.6.0
[2017.03.04-23.45.53:351][  0]LogSlate: SlateFontCache - WITH_FREETYPE: 1, WITH_HARFBUZZ: 1
[2017.03.04-23.45.53:351][  0]LogSlate: SlateFontCache - WITH_FREETYPE: 1, WITH_HARFBUZZ: 1
[2017.03.04-23.45.53:745][  0]LogInit: Selected Device Profile: [Windows]
[2017.03.04-23.45.53:750][  0]LogContentStreaming: Texture pool size is 0.00 MB
[2017.03.04-23.45.54:070][  0]LogMeshUtilities: Using QuadricMeshReduction for automatic static mesh reduction
[2017.03.04-23.45.54:144][  0]LogSimplygon: Simplygon DLL not present - disabling.
[2017.03.04-23.45.54:224][  0]LogMeshUtilities: Using SimplygonSwarm for distributed automatic mesh merging
[2017.03.04-23.45.54:224][  0]LogMeshUtilities: No automatic skeletal mesh reduction module available
[2017.03.04-23.45.54:224][  0]LogMeshUtilities: No automatic mesh merging module available
[2017.03.04-23.45.55:012][  0]LogNetVersion: GetLocalNetworkVersion: CL: 3299760, ProjectName: clean, ProjectVersion: , EngineNetworkVersion: 2, GameNetworkVersion: 0, NetworkChecksum: 1032071074
[2017.03.04-23.45.55:074][  0]LogAssetRegistry: FAssetRegistry took 0.0216 seconds to start up
[2017.03.04-23.45.55:146][  0]LogPackageLocalizationCache: Processed 3 localized package path(s) for 2 prioritized culture(s) in 0.035890 seconds
[2017.03.04-23.45.55:154][  0]LogUObjectArray: 32475 objects as part of root set at end of initial load.
[2017.03.04-23.45.55:154][  0]LogUObjectAllocator: 7073368 out of 0 bytes used by permanent object pool.
[2017.03.04-23.45.55:154][  0]LogUObjectArray: CloseDisregardForGC: 0/0 objects in disregard for GC pool
[2017.03.04-23.45.55:265][  0]LogInit: WinSock: version 1.1 (2.2), MaxSocks=32767, MaxUdp=65467
[2017.03.04-23.45.57:847][  0]LogTcpMessaging: Initializing TcpMessaging bridge
[2017.03.04-23.45.57:909][  0]LogUdpMessaging: Initializing bridge on interface 0.0.0.0:0 to multicast group 230.0.0.1:6666.
[2017.03.04-23.45.58:635][  0]LogMaterial: Uniform references updated for custom material expression Custom.
[2017.03.04-23.45.59:258][  0]SourceControl: Info Source control is disabled
[2017.03.04-23.45.59:259][  0]SourceControl: Info Source control is disabled
[2017.03.04-23.45.59:339][  0]SourceControl: Info Source control is disabled
[2017.03.04-23.45.59:420][  0]SourceControl: Info Source control is disabled
[2017.03.04-23.46.01:536][  0]LogEngine: Initializing Engine...
[2017.03.04-23.46.02:116][  0]LogHMD: SteamVR initialized.  Driver: lighthouse  Display: LHR-D24F669D
[2017.03.04-23.46.02:499][  0]LogAIModule: Creating AISystem for world Untitled
[2017.03.04-23.46.02:527][  0]LogInit: XAudio2 using 'HTC-VIVE-8 (NVIDIA High Definition Audio)' : 2 channels at 48 kHz using 16 bits per sample (channel mask 0x3)
[2017.03.04-23.46.02:544][  0]LogInit: FAudioDevice initialized.
[2017.03.04-23.46.02:578][  0]LogDerivedDataCache: Saved boot cache 0.03s 51MB C:/Users/Derek/AppData/Local/UnrealEngine/4.15/DerivedDataCache/Boot.ddc.
[2017.03.04-23.46.02:592][  0]LogInit: Texture streaming: Enabled
[2017.03.04-23.46.02:762][  0]LogEngineSessionManager: EngineSessionManager initialized
[2017.03.04-23.46.02:762][  0]LogEngineSessionManager: EngineSessionManager sent abnormal shutdown report. Type=Crashed, SessionId={99FC5A5B-459A-9E48-FD2E-E596AD96DA11}
[2017.03.04-23.46.02:913][  0]LogInit: Transaction tracking system initialized
[2017.03.04-23.46.03:498][  0]BlueprintLog: New page: Editor Load
[2017.03.04-23.46.05:014][  0]LocalizationService: Info Localization service is disabled
[2017.03.04-23.46.06:420][  0]LogConsoleResponse:Display: 
[2017.03.04-23.46.06:610][  0]LogCook:Display: Max memory allowance for cook 16384mb min free memory 0mb
[2017.03.04-23.46.06:610][  0]LogCook:Display: Mobile HDR setting 1
[2017.03.04-23.46.07:081][  0]LogFileCache: Scanning file cache for directory 'C:/Users/Derek/Documents/Clean/Content/' took 0.02s
[2017.03.04-23.46.08:403][  0]SourceControl: Info Source control is disabled
[2017.03.04-23.46.08:489][  0]LogSlate: Took 0.000252 seconds to synchronously load lazily loaded font '../../../Engine/Content/Slate/Fonts/Roboto-Regular.ttf' (155K)
[2017.03.04-23.46.16:702][  0]LogWindowsTextInputMethodSystem:Display: IME system now deactivated.
[2017.03.04-23.46.16:714][  0]LogWindowsTextInputMethodSystem:Display: IME system now deactivated.
[2017.03.04-23.46.16:715][  0]Cmd: MAP LOAD FILE="../../../../../../Users/Derek/Documents/Clean/Content/VirtualRealityBP/Maps/MotionControllerMap.umap" TEMPLATE=0 SHOWPROGRESS=1 FEATURELEVEL=3
[2017.03.04-23.46.16:715][  0]LightingResults: New page: Lighting Build
[2017.03.04-23.46.16:780][  0]MapCheck: New page: Map Check
[2017.03.04-23.46.16:780][  0]LightingResults: New page: Lighting Build
[2017.03.04-23.46.17:291][  0]LogLinker:Warning: Can't find file '/Game/InfinityBladeWarriors/Character/CompleteCharacters/Textures_Materials/CharM_Golden/M_Char_Golden'
[2017.03.04-23.46.17:291][  0]LogLinker:Warning: Can't find file for asset '/Game/InfinityBladeWarriors/Character/CompleteCharacters/Textures_Materials/CharM_Golden/M_Char_Golden' while loading ../../../../../../Users/Derek/Documents/Clean/Content/Assets_Dereks/DL_Static_mesh/DL_Key_Mesh.uasset.
[2017.03.04-23.46.17:291][  0]LoadErrors:Error: Error /Game/Assets_Dereks/DL_Static_mesh/DL_Key_Mesh : Can't find file for asset. /Game/InfinityBladeWarriors/Character/CompleteCharacters/Textures_Materials/CharM_Golden/M_Char_Golden
[2017.03.04-23.46.17:367][  0]LogLinker:Warning: Can't find file '/Game/InfinityBladeWarriors/Character/CompleteCharacters/Textures_Materials/CharM_Golden/M_Char_Golden'
[2017.03.04-23.46.17:367][  0]LogLinker:Warning: Can't find file for asset '/Game/InfinityBladeWarriors/Character/CompleteCharacters/Textures_Materials/CharM_Golden/M_Char_Golden' while loading ../../../../../../Users/Derek/Documents/Clean/Content/Assets_Dereks/DL_Static_mesh/DL_Key_Mesh.uasset.
[2017.03.04-23.46.17:368][  0]LoadErrors:Error: Error /Game/Assets_Dereks/DL_Static_mesh/DL_Key_Mesh : Can't find file for asset. /Game/InfinityBladeWarriors/Character/CompleteCharacters/Textures_Materials/CharM_Golden/M_Char_Golden
[2017.03.04-23.46.18:513][  0]LogLinker:Warning: Can't find file '/Game/InfinityBladeWarriors/Character/CompleteCharacters/Textures_Materials/CharM_Golden/M_Char_Golden'
[2017.03.04-23.46.18:513][  0]LoadErrors: Info Failed to load /Game/InfinityBladeWarriors/Character/CompleteCharacters/Textures_Materials/CharM_Golden/M_Char_Golden.M_Char_Golden Referenced by DL_Key_Mesh
[2017.03.04-23.46.18:513][  0]LogLinker:Warning: Can't find file for asset '/Game/InfinityBladeWarriors/Character/CompleteCharacters/Textures_Materials/CharM_Golden/M_Char_Golden' while loading NULL.
[2017.03.04-23.46.18:513][  0]LoadErrors: Info Failed to load /Game/InfinityBladeWarriors/Character/CompleteCharacters/Textures_Materials/CharM_Golden/M_Char_Golden.M_Char_Golden Referenced by DL_Key_Mesh
[2017.03.04-23.46.19:307][  0]LogAIModule: Creating AISystem for world MotionControllerMap
[2017.03.04-23.46.19:323][  0]LogEditorServer: Finished looking for orphan Actors (0.000 secs)
[2017.03.04-23.46.19:324][  0]Cmd: MAP CHECKDEP NOCLEARLOG
[2017.03.04-23.46.19:478][  0]MapCheck: Info Map check complete: 0 Error(s), 0 Warning(s), took 153.787ms to complete.
[2017.03.04-23.46.19:478][  0]LogFileHelpers: Loading map 'MotionControllerMap' took 2.764
[2017.03.04-23.46.19:667][  0]LogStats:Warning: MetaData mismatch. Did you assign a stat to two groups? New //STATGROUP_Threads//SplashScreenThread///Thread_784_0///####STATCAT_Advanced#### old //STATGROUP_Threads//SplashScreenThread///Thread_3394_0///####STATCAT_Advanced####
[2017.03.04-23.46.19:667][  0]LogCollectionManager: Loaded 0 collections in 0.002143 seconds
[2017.03.04-23.46.19:775][  0]LogFileCache: Scanning file cache for directory 'C:/Users/Derek/Documents/Clean/Saved/Collections/' took 0.01s
[2017.03.04-23.46.19:775][  0]LogFileCache: Scanning file cache for directory 'C:/Users/Derek/Documents/Clean/Content/Developers/Derek/Collections/' took 0.01s
[2017.03.04-23.46.19:775][  0]LogFileCache: Scanning file cache for directory 'C:/Users/Derek/Documents/Clean/Content/Collections/' took 0.01s
[2017.03.04-23.46.19:775][  0]LogCollectionManager: Rebuilt the GUID cache for 0 collections in 0.000002 seconds
[2017.03.04-23.46.19:789][  0]LogContentBrowser: Native class hierarchy populated in 0.0134 seconds. Added 2244 classes and 450 folders.
[2017.03.04-23.46.19:794][  0]LogStats: UGameplayTagsManager::ConstructGameplayTagTree: Construct from data asset -  0.000 s
[2017.03.04-23.46.19:794][  0]LogStats: UGameplayTagsManager::ConstructGameplayTagTree: GameplayTagTreeChangedEvent.Broadcast -  0.000 s
[2017.03.04-23.46.19:898][  0]LogContentBrowser: Native class hierarchy updated for 'WidgetCarousel' in 0.0007 seconds. Added 0 classes and 0 folders.
[2017.03.04-23.46.19:960][  0]LogContentBrowser: Native class hierarchy updated for 'AddContentDialog' in 0.0008 seconds. Added 0 classes and 0 folders.
[2017.03.04-23.46.20:032][  0]LogContentBrowser: Native class hierarchy updated for 'SceneOutliner' in 0.0008 seconds. Added 1 classes and 2 folders.
[2017.03.04-23.46.20:185][  0]LogCrashTracker: Crashtracker disabled due to settings.
[2017.03.04-23.46.20:191][  0]LogUObjectGlobals:Warning: Failed to find object 'Class None.'
[2017.03.04-23.46.20:286][  0]LogContentBrowser: Native class hierarchy updated for 'HierarchicalLODOutliner' in 0.0007 seconds. Added 1 classes and 2 folders.
[2017.03.04-23.46.20:287][  0]LogLoad: (Engine Initialization) Total time: 36.05 seconds
[2017.03.04-23.46.20:287][  0]LogLoad: (Engine Initialization) Total Blueprint compile time: 0.65 seconds
[2017.03.04-23.46.20:287][  0]LogExternalProfiler: No external profilers were discovered.  External profiling features will not be available.
[2017.03.04-23.46.20:295][  0]LogOcInput: OculusInput pre-init called
[2017.03.04-23.46.20:309][  0]LogOcInput: OculusInput is initialized. Init status 0. Runtime version: 1.12.0
[2017.03.04-23.46.20:334][  0]LogContentStreaming: Texture pool size now 400 MB
[2017.03.04-23.46.20:351][  0]LogSlate: Took 0.000444 seconds to synchronously load lazily loaded font '../../../Engine/Content/Slate/Fonts/Roboto-Bold.ttf' (160K)
[2017.03.04-23.46.20:358][  0]LogSlate: Took 0.000681 seconds to synchronously load lazily loaded font '../../../Engine/Content/Editor/Slate/Fonts/FontAwesome.ttf' (139K)
[2017.03.04-23.46.20:519][  0]LogSlate: Took 0.000239 seconds to synchronously load lazily loaded font '../../../Engine/Content/Slate/Fonts/Roboto-Light.ttf' (159K)
[2017.03.04-23.46.20:585][  0]LogRenderer: Reallocating scene render targets to support 772x432 NumSamples 1 (Frame:2).
[2017.03.04-23.46.20:722][  2]LogAssetRegistry: Asset discovery search completed in 25.6693 seconds
[2017.03.04-23.46.20:722][  2]LogCollectionManager: Rebuilt the object cache for 0 collections in 0.000007 seconds (found 0 objects)
[2017.03.04-23.46.20:722][  2]LogCollectionManager: Fixed up redirectors for 0 collections in 0.000029 seconds (updated 0 objects)
[2017.03.04-23.46.21:327][ 56]LogSlate: Took 0.000266 seconds to synchronously load lazily loaded font '../../../Engine/Content/Slate/Fonts/Roboto-Light.ttf' (159K)
[2017.03.04-23.46.45:553][589]LogSlate: Took 0.000327 seconds to synchronously load lazily loaded font '../../../Engine/Content/Slate/Fonts/Roboto-Light.ttf' (159K)
[2017.03.04-23.47.54:872][ 85]LogSlate: Took 0.000221 seconds to synchronously load lazily loaded font '../../../Engine/Content/Slate/Fonts/Roboto-Regular.ttf' (155K)
[2017.03.04-23.47.55:064][ 85]LogBlueprint:Warning: FMemberReference::ResolveMember (K2_AttachToComponent) bSelfContext == true, but no scope supplied!
[2017.03.04-23.47.55:064][ 85]LogBlueprint:Warning: FMemberReference::ResolveMember (Lock_Door) bSelfContext == true, but no scope supplied!
[2017.03.04-23.47.55:064][ 85]LogBlueprint:Warning: FMemberReference::ResolveMember (Unlock_Door) bSelfContext == true, but no scope supplied!
[2017.03.04-23.47.55:645][ 85]LogContentBrowser: Native class hierarchy updated for 'BlueprintGraph' in 0.0012 seconds. Added 112 classes and 0 folders.
[2017.03.04-23.47.56:202][ 85]LogStats: FPlatformStackWalk::StackWalkAndDump -  0.091 s
[2017.03.04-23.47.56:202][ 85]LogOutputDevice:Error: === Handled ensure: ===
[2017.03.04-23.47.56:202][ 85]LogOutputDevice:Error: 
[2017.03.04-23.47.56:202][ 85]LogOutputDevice:Error: Ensure condition failed: BpClass != nullptr [File:D:\Build\++UE4+Release-4.15+Compile\Sync\Engine\Source\Editor\BlueprintGraph\Private\BlueprintActionFilter.cpp] [Line: 611]
[2017.03.04-23.47.56:202][ 85]LogOutputDevice:Error: Unable to resolve IsEventUnimplementable() - Blueprint (BP_SafeWheel) missing an authoratative class (skel: [NULL], generated: [NULL], parent: [NULL])
[2017.03.04-23.47.56:202][ 85]LogOutputDevice:Error: Stack: 
[2017.03.04-23.47.56:202][ 85]LogOutputDevice:Error: UE4Editor-Core.dll!0x00000000D06E95D6
[2017.03.04-23.47.56:202][ 85]LogOutputDevice:Error: UE4Editor-Core.dll!0x00000000D0499B72
[2017.03.04-23.47.56:202][ 85]LogOutputDevice:Error: UE4Editor-Core.dll!0x00000000D04AB656
[2017.03.04-23.47.56:202][ 85]LogOutputDevice:Error: UE4Editor-BlueprintGraph.dll!0x00000000C2B0FC14
[2017.03.04-23.47.56:202][ 85]LogOutputDevice:Error: UE4Editor-BlueprintGraph.dll!0x00000000C2B10A4F
[2017.03.04-23.47.56:202][ 85]LogOutputDevice:Error: UE4Editor-BlueprintGraph.dll!0x00000000C2B10729
[2017.03.04-23.47.56:202][ 85]LogOutputDevice:Error: UE4Editor-Kismet.dll!0x00000000BE201097
[2017.03.04-23.47.56:202][ 85]LogOutputDevice:Error: UE4Editor-Kismet.dll!0x00000000BE2436BD
[2017.03.04-23.47.56:202][ 85]LogOutputDevice:Error: UE4Editor-Kismet.dll!0x00000000BE201A03
[2017.03.04-23.47.56:202][ 85]LogOutputDevice:Error: UE4Editor-Kismet.dll!0x00000000BE4017A4
[2017.03.04-23.47.56:202][ 85]LogOutputDevice:Error: UE4Editor-Kismet.dll!0x00000000BE53D3BC
[2017.03.04-23.47.56:202][ 85]LogOutputDevice:Error: UE4Editor-Kismet.dll!0x00000000BE54177C
[2017.03.04-23.47.56:202][ 85]LogOutputDevice:Error: UE4Editor-GraphEditor.dll!0x00000000B2A46F26
[2017.03.04-23.47.56:202][ 85]LogOutputDevice:Error: UE4Editor-GraphEditor.dll!0x00000000B2958ACF
[2017.03.04-23.47.56:202][ 85]LogOutputDevice:Error: UE4Editor-Kismet.dll!0x00000000BE3EEC4F
[2017.03.04-23.47.56:202][ 85]LogOutputDevice:Error: UE4Editor-Kismet.dll!0x00000000BE51B70A
[2017.03.04-23.47.56:202][ 85]LogOutputDevice:Error: UE4Editor-Kismet.dll!0x00000000BE41028F
[2017.03.04-23.47.56:202][ 85]LogOutputDevice:Error: UE4Editor-Kismet.dll!0x00000000BE3EE323
[2017.03.04-23.47.56:202][ 85]LogOutputDevice:Error: UE4Editor-Kismet.dll!0x00000000BE41088F
[2017.03.04-23.47.56:202][ 85]LogOutputDevice:Error: UE4Editor-Kismet.dll!0x00000000BE14A3A3
[2017.03.04-23.47.56:202][ 85]LogOutputDevice:Error: UE4Editor-Kismet.dll!0x00000000BE184919
[2017.03.04-23.47.56:202][ 85]LogOutputDevice:Error: UE4Editor-Kismet.dll!0x00000000BE174034
[2017.03.04-23.47.56:202][ 85]LogOutputDevice:Error: UE4Editor-Kismet.dll!0x00000000BE1ED329
[2017.03.04-23.47.56:202][ 85]LogOutputDevice:Error: UE4Editor-Kismet.dll!0x00000000BE2FE64E
[2017.03.04-23.47.56:202][ 85]LogOutputDevice:Error: UE4Editor-AssetTools.dll!0x00000000AABDB08C
[2017.03.04-23.47.56:202][ 85]LogOutputDevice:Error: UE4Editor-UnrealEd.dll!0x00000000C053E4F3
[2017.03.04-23.47.56:202][ 85]LogOutputDevice:Error: UE4Editor-AssetTools.dll!0x00000000AAB7E08A
[2017.03.04-23.47.56:202][ 85]LogOutputDevice:Error: UE4Editor-ContentBrowser.dll!0x00000000A9DB7548
[2017.03.04-23.47.56:202][ 85]LogOutputDevice:Error: UE4Editor-ContentBrowser.dll!0x00000000A9D6AA27
[2017.03.04-23.47.56:202][ 85]LogOutputDevice:Error: UE4Editor-ContentBrowser.dll!0x00000000A9D70947
[2017.03.04-23.47.56:202][ 85]LogOutputDevice:Error: UE4Editor-ContentBrowser.dll!0x00000000A9D6D201
[2017.03.04-23.47.56:202][ 85]LogOutputDevice:Error: UE4Editor-ContentBrowser.dll!0x00000000A9DC1189
[2017.03.04-23.47.56:202][ 85]LogOutputDevice:Error: UE4Editor-ContentBrowser.dll!0x00000000A9D69031
[2017.03.04-23.47.56:202][ 85]LogOutputDevice:Error: UE4Editor-ContentBrowser.dll!0x00000000A9D6F7DF
[2017.03.04-23.47.56:202][ 85]LogOutputDevice:Error: UE4Editor-ContentBrowser.dll!0x00000000A9D6D34A
[2017.03.04-23.47.56:202][ 85]LogOutputDevice:Error: UE4Editor-ContentBrowser.dll!0x00000000A9DD0880
[2017.03.04-23.47.56:202][ 85]LogOutputDevice:Error: UE4Editor-ContentBrowser.dll!0x00000000A9DC13EA
[2017.03.04-23.47.56:202][ 85]LogOutputDevice:Error: UE4Editor-Slate.dll!0x00000000C11D4A7E
[2017.03.04-23.47.56:202][ 85]LogOutputDevice:Error: UE4Editor-Slate.dll!0x00000000C11A444E
[2017.03.04-23.47.56:202][ 85]LogOutputDevice:Error: UE4Editor-Slate.dll!0x00000000C12458E4
[2017.03.04-23.47.56:202][ 85]LogOutputDevice:Error: UE4Editor-Slate.dll!0x00000000C1230435
[2017.03.04-23.47.56:202][ 85]LogOutputDevice:Error: UE4Editor-Slate.dll!0x00000000C121F7B9
[2017.03.04-23.47.56:202][ 85]LogOutputDevice:Error: UE4Editor-Core.dll!0x00000000D06DCD97
[2017.03.04-23.47.56:202][ 85]LogOutputDevice:Error: UE4Editor-Core.dll!0x00000000D06C67B1
[2017.03.04-23.47.56:202][ 85]LogOutputDevice:Error: UE4Editor-Core.dll!0x00000000D06DEA0C
[2017.03.04-23.47.56:202][ 85]LogOutputDevice:Error: UE4Editor-Core.dll!0x00000000D06C26D9
[2017.03.04-23.47.56:202][ 85]LogOutputDevice:Error: USER32.dll!0x00000000EDDE1C24
[2017.03.04-23.47.56:202][ 85]LogOutputDevice:Error: USER32.dll!0x00000000EDDE156C
[2017.03.04-23.47.56:202][ 85]LogOutputDevice:Error: UE4Editor-Core.dll!0x00000000D06DF316
[2017.03.04-23.47.56:202][ 85]LogOutputDevice:Error: UE4Editor.exe!0x000000004CD1D790
[2017.03.04-23.47.56:202][ 85]LogOutputDevice:Error: UE4Editor.exe!0x000000004CD0EB40
[2017.03.04-23.47.56:202][ 85]LogOutputDevice:Error: UE4Editor.exe!0x000000004CD0EBBA
[2017.03.04-23.47.56:202][ 85]LogOutputDevice:Error: UE4Editor.exe!0x000000004CD20A29
[2017.03.04-23.47.56:202][ 85]LogOutputDevice:Error: UE4Editor.exe!0x000000004CD222B6
[2017.03.04-23.47.56:202][ 85]LogOutputDevice:Error: KERNEL32.DLL!0x00000000F0008364
[2017.03.04-23.47.56:202][ 85]LogOutputDevice:Error: ntdll.dll!0x00000000F05D70D1
[2017.03.04-23.47.56:202][ 85]LogOutputDevice:Error: 
[2017.03.04-23.47.56:212][ 85]LogStats:                SubmitErrorReport -  0.000 s
[2017.03.04-23.47.56:505][ 85]LogStats:                    SendNewReport -  0.292 s
[2017.03.04-23.47.56:505][ 85]LogStats:             FDebug::EnsureFailed -  0.393 s
[2017.03.04-23.47.56:520][ 85]LogStats: FPlatformStackWalk::StackWalkAndDump -  0.001 s
[2017.03.04-23.47.56:520][ 85]LogOutputDevice:Error: === Handled ensure: ===
[2017.03.04-23.47.56:520][ 85]LogOutputDevice:Error: 
[2017.03.04-23.47.56:520][ 85]LogOutputDevice:Error: Ensure condition failed: BpClass != nullptr [File:D:\Build\++UE4+Release-4.15+Compile\Sync\Engine\Source\Editor\BlueprintGraph\Private\BlueprintActionFilter.cpp] [Line: 710]
[2017.03.04-23.47.56:520][ 85]LogOutputDevice:Error: Unable to resolve IsFieldInaccessible() - Blueprint (BP_SafeWheel) missing an authoratative class (skel: [NULL], generated: [NULL], parent: [NULL])
[2017.03.04-23.47.56:520][ 85]LogOutputDevice:Error: Stack: 
[2017.03.04-23.47.56:520][ 85]LogOutputDevice:Error: UE4Editor-Core.dll!0x00000000D06E95D6
[2017.03.04-23.47.56:520][ 85]LogOutputDevice:Error: UE4Editor-Core.dll!0x00000000D0499B72
[2017.03.04-23.47.56:520][ 85]LogOutputDevice:Error: UE4Editor-Core.dll!0x00000000D04AB656
[2017.03.04-23.47.56:520][ 85]LogOutputDevice:Error: UE4Editor-BlueprintGraph.dll!0x00000000C2B105BC
[2017.03.04-23.47.56:520][ 85]LogOutputDevice:Error: UE4Editor-BlueprintGraph.dll!0x00000000C2B10A4F
[2017.03.04-23.47.56:520][ 85]LogOutputDevice:Error: UE4Editor-BlueprintGraph.dll!0x00000000C2B10729
[2017.03.04-23.47.56:520][ 85]LogOutputDevice:Error: UE4Editor-Kismet.dll!0x00000000BE201097
[2017.03.04-23.47.56:520][ 85]LogOutputDevice:Error: UE4Editor-Kismet.dll!0x00000000BE2436BD
[2017.03.04-23.47.56:520][ 85]LogOutputDevice:Error: UE4Editor-Kismet.dll!0x00000000BE201A03
[2017.03.04-23.47.56:520][ 85]LogOutputDevice:Error: UE4Editor-Kismet.dll!0x00000000BE4017A4
[2017.03.04-23.47.56:520][ 85]LogOutputDevice:Error: UE4Editor-Kismet.dll!0x00000000BE53D3BC
[2017.03.04-23.47.56:520][ 85]LogOutputDevice:Error: UE4Editor-Kismet.dll!0x00000000BE54177C
[2017.03.04-23.47.56:520][ 85]LogOutputDevice:Error: UE4Editor-GraphEditor.dll!0x00000000B2A46F26
[2017.03.04-23.47.56:520][ 85]LogOutputDevice:Error: UE4Editor-GraphEditor.dll!0x00000000B2958ACF
[2017.03.04-23.47.56:520][ 85]LogOutputDevice:Error: UE4Editor-Kismet.dll!0x00000000BE3EEC4F
[2017.03.04-23.47.56:520][ 85]LogOutputDevice:Error: UE4Editor-Kismet.dll!0x00000000BE51B70A
[2017.03.04-23.47.56:520][ 85]LogOutputDevice:Error: UE4Editor-Kismet.dll!0x00000000BE41028F
[2017.03.04-23.47.56:520][ 85]LogOutputDevice:Error: UE4Editor-Kismet.dll!0x00000000BE3EE323
[2017.03.04-23.47.56:520][ 85]LogOutputDevice:Error: UE4Editor-Kismet.dll!0x00000000BE41088F
[2017.03.04-23.47.56:520][ 85]LogOutputDevice:Error: UE4Editor-Kismet.dll!0x00000000BE14A3A3
[2017.03.04-23.47.56:520][ 85]LogOutputDevice:Error: UE4Editor-Kismet.dll!0x00000000BE184919
[2017.03.04-23.47.56:520][ 85]LogOutputDevice:Error: UE4Editor-Kismet.dll!0x00000000BE174034
[2017.03.04-23.47.56:520][ 85]LogOutputDevice:Error: UE4Editor-Kismet.dll!0x00000000BE1ED329
[2017.03.04-23.47.56:520][ 85]LogOutputDevice:Error: UE4Editor-Kismet.dll!0x00000000BE2FE64E
[2017.03.04-23.47.56:520][ 85]LogOutputDevice:Error: UE4Editor-AssetTools.dll!0x00000000AABDB08C
[2017.03.04-23.47.56:520][ 85]LogOutputDevice:Error: UE4Editor-UnrealEd.dll!0x00000000C053E4F3
[2017.03.04-23.47.56:520][ 85]LogOutputDevice:Error: UE4Editor-AssetTools.dll!0x00000000AAB7E08A
[2017.03.04-23.47.56:520][ 85]LogOutputDevice:Error: UE4Editor-ContentBrowser.dll!0x00000000A9DB7548
[2017.03.04-23.47.56:520][ 85]LogOutputDevice:Error: UE4Editor-ContentBrowser.dll!0x00000000A9D6AA27
[2017.03.04-23.47.56:520][ 85]LogOutputDevice:Error: UE4Editor-ContentBrowser.dll!0x00000000A9D70947
[2017.03.04-23.47.56:520][ 85]LogOutputDevice:Error: UE4Editor-ContentBrowser.dll!0x00000000A9D6D201
[2017.03.04-23.47.56:520][ 85]LogOutputDevice:Error: UE4Editor-ContentBrowser.dll!0x00000000A9DC1189
[2017.03.04-23.47.56:520][ 85]LogOutputDevice:Error: UE4Editor-ContentBrowser.dll!0x00000000A9D69031
[2017.03.04-23.47.56:520][ 85]LogOutputDevice:Error: UE4Editor-ContentBrowser.dll!0x00000000A9D6F7DF
[2017.03.04-23.47.56:520][ 85]LogOutputDevice:Error: UE4Editor-ContentBrowser.dll!0x00000000A9D6D34A
[2017.03.04-23.47.56:520][ 85]LogOutputDevice:Error: UE4Editor-ContentBrowser.dll!0x00000000A9DD0880
[2017.03.04-23.47.56:520][ 85]LogOutputDevice:Error: UE4Editor-ContentBrowser.dll!0x00000000A9DC13EA
[2017.03.04-23.47.56:520][ 85]LogOutputDevice:Error: UE4Editor-Slate.dll!0x00000000C11D4A7E
[2017.03.04-23.47.56:520][ 85]LogOutputDevice:Error: UE4Editor-Slate.dll!0x00000000C11A444E
[2017.03.04-23.47.56:520][ 85]LogOutputDevice:Error: UE4Editor-Slate.dll!0x00000000C12458E4
[2017.03.04-23.47.56:520][ 85]LogOutputDevice:Error: UE4Editor-Slate.dll!0x00000000C1230435
[2017.03.04-23.47.56:520][ 85]LogOutputDevice:Error: UE4Editor-Slate.dll!0x00000000C121F7B9
[2017.03.04-23.47.56:520][ 85]LogOutputDevice:Error: UE4Editor-Core.dll!0x00000000D06DCD97
[2017.03.04-23.47.56:520][ 85]LogOutputDevice:Error: UE4Editor-Core.dll!0x00000000D06C67B1
[2017.03.04-23.47.56:520][ 85]LogOutputDevice:Error: UE4Editor-Core.dll!0x00000000D06DEA0C
[2017.03.04-23.47.56:520][ 85]LogOutputDevice:Error: UE4Editor-Core.dll!0x00000000D06C26D9
[2017.03.04-23.47.56:520][ 85]LogOutputDevice:Error: USER32.dll!0x00000000EDDE1C24
[2017.03.04-23.47.56:520][ 85]LogOutputDevice:Error: USER32.dll!0x00000000EDDE156C
[2017.03.04-23.47.56:520][ 85]LogOutputDevice:Error: UE4Editor-Core.dll!0x00000000D06DF316
[2017.03.04-23.47.56:520][ 85]LogOutputDevice:Error: UE4Editor.exe!0x000000004CD1D790
[2017.03.04-23.47.56:520][ 85]LogOutputDevice:Error: UE4Editor.exe!0x000000004CD0EB40
[2017.03.04-23.47.56:520][ 85]LogOutputDevice:Error: UE4Editor.exe!0x000000004CD0EBBA
[2017.03.04-23.47.56:520][ 85]LogOutputDevice:Error: UE4Editor.exe!0x000000004CD20A29
[2017.03.04-23.47.56:520][ 85]LogOutputDevice:Error: UE4Editor.exe!0x000000004CD222B6
[2017.03.04-23.47.56:520][ 85]LogOutputDevice:Error: KERNEL32.DLL!0x00000000F0008364
[2017.03.04-23.47.56:520][ 85]LogOutputDevice:Error: ntdll.dll!0x00000000F05D70D1
[2017.03.04-23.47.56:520][ 85]LogOutputDevice:Error: 
[2017.03.04-23.47.56:527][ 85]LogStats:                SubmitErrorReport -  0.000 s
