"../../../Engine/Content/ArtTools/RenderToTexture/Enums/RenderToTexture_Enum.uasset" 0
"../../../Engine/Content/ArtTools/RenderToTexture/Enums/RenderToTexture_Flipbook_Enum.uasset" 1
"../../../Engine/Content/ArtTools/RenderToTexture/Enums/RenderToTexture_Imposter_Enum.uasset" 2
"../../../Engine/Content/EditorBlueprintResources/StandardMacros.uasset" 3
"../../../Engine/Content/ArtTools/RenderToTexture/Enums/EIntTypes.uasset" 4
"../../../Engine/Content/ArtTools/RenderToTexture/Macros/RenderToTextureFunctionLibrary.uasset" 5
"../../../Engine/Content/ArtTools/RenderToTexture/Enums/EFloatTypes.uasset" 6
"../../../Engine/Content/ArtTools/RenderToTexture/Macros/RenderToTextureMacros.uasset" 7
"../../../Engine/Content/Functions/Engine_MaterialFunctions01/Opacity/CameraDepthFade.uasset" 8
"../../../Engine/Content/EngineMaterials/T_Default_Material_Grid_M.uasset" 9
"../../../Engine/Content/EngineMaterials/T_Default_Material_Grid_N.uasset" 10
"../../../Engine/Content/EngineMaterials/WorldGridMaterial.uasset" 11
"../../../Engine/Content/ArtTools/RenderToTexture/Meshes/S_1_Unit_Plane.uasset" 12
"../../../Engine/Content/EngineMaterials/DefaultPhysicalMaterial.uasset" 13
"../../../Engine/Content/BufferVisualization/AmbientOcclusion.uasset" 14
"../../../Engine/Content/BufferVisualization/BaseColor.uasset" 15
"../../../Engine/Content/BufferVisualization/CustomDepth.uasset" 16
"../../../Engine/Content/Functions/Engine_MaterialFunctions02/Utility/VectorLength.uasset" 17
"../../../Engine/Content/BufferVisualization/CustomDepthWorldUnits.uasset" 18
"../../../Engine/Content/Functions/Engine_MaterialFunctions02/Utility/BreakOutFloat2Components.uasset" 19
"../../../Engine/Content/Functions/Engine_MaterialFunctions01/Texturing/ScaleUVsByCenter.uasset" 20
"../../../Engine/Content/Functions/Engine_MaterialFunctions02/ScreenResolution.uasset" 21
"../../../Engine/Content/Functions/Engine_MaterialFunctions02/Texturing/ScreenAlignedUVs.uasset" 22
"../../../Engine/Content/Functions/Engine_MaterialFunctions02/Utility/MakeFloat2.uasset" 23
"../../../Engine/Content/Functions/Engine_MaterialFunctions02/Utility/MakeFloat3.uasset" 24
"../../../Engine/Content/EngineMaterials/MiniFont.uasset" 25
"../../../Engine/Content/BufferVisualization/CustomStencil.uasset" 26
"../../../Engine/Content/BufferVisualization/FinalImage.uasset" 27
"../../../Engine/Content/BufferVisualization/LightingModel.uasset" 28
"../../../Engine/Content/BufferVisualization/MaterialAO.uasset" 29
"../../../Engine/Content/BufferVisualization/Metallic.uasset" 30
"../../../Engine/Content/BufferVisualization/Opacity.uasset" 31
"../../../Engine/Content/BufferVisualization/PostTonemapHDRColor.uasset" 32
"../../../Engine/Content/BufferVisualization/PreTonemapHDRColor.uasset" 33
"../../../Engine/Content/BufferVisualization/Roughness.uasset" 34
"../../../Engine/Content/BufferVisualization/SceneColor.uasset" 35
"../../../Engine/Content/BufferVisualization/SceneDepth.uasset" 36
"../../../Engine/Content/BufferVisualization/SceneDepthWorldUnits.uasset" 37
"../../../Engine/Content/BufferVisualization/SeparateTranslucencyA.uasset" 38
"../../../Engine/Content/BufferVisualization/SeparateTranslucencyRGB.uasset" 39
"../../../Engine/Content/BufferVisualization/Specular.uasset" 40
"../../../Engine/Content/BufferVisualization/SubsurfaceColor.uasset" 41
"../../../Engine/Content/BufferVisualization/WorldNormal.uasset" 42
"../../../Engine/Content/EditorLandscapeResources/DataLayer.uasset" 43
"../../../Engine/Content/EditorLandscapeResources/DefaultAlphaTexture.uasset" 44
"../../../Engine/Content/EditorLandscapeResources/LandscapeGizmoHeight_Mat.uasset" 45
"../../../Engine/Content/EditorLandscapeResources/LandscapeGizmo_Mat.uasset" 46
"../../../Engine/Content/EditorLandscapeResources/LandscapeGizmo_Mat_Copied.uasset" 47
"../../../Engine/Content/EditorLandscapeResources/SplineEditorMeshMat.uasset" 48
"../../../Engine/Content/EditorLandscapeResources/SplineEditorMesh.uasset" 49
"../../../Engine/Content/EditorMaterials/Cross.uasset" 50
"../../../Engine/Content/EditorMaterials/Cross_Mat.uasset" 51
"../../../Engine/Content/EditorMaterials/GizmoMaterial.uasset" 52
"../../../Engine/Content/Functions/Engine_MaterialFunctions02/Utility/Sign.uasset" 53
"../../../Engine/Content/Functions/Engine_MaterialFunctions02/Utility/Round.uasset" 54
"../../../Engine/Content/Functions/Engine_MaterialFunctions02/ExampleContent/Textures/flipbook.uasset" 55
"../../../Engine/Content/Functions/Engine_MaterialFunctions02/Texturing/FlipBook.uasset" 56
"../../../Engine/Content/EditorResources/T_EditorHelp.uasset" 57
"../../../Engine/Content/EditorMaterials/HelpActorMaterial.uasset" 58
"../../../Engine/Content/EditorMaterials/CompositeARGBLayer.uasset" 59
"../../../Engine/Content/EditorMaterials/TilingAALineIntegral.uasset" 60
"../../../Engine/Content/EditorMaterials/TilingAALineBoxFiltered.uasset" 61
"../../../Engine/Content/Functions/Engine_MaterialFunctions03/Procedurals/ComputeFilterWidth.uasset" 62
"../../../Engine/Content/EditorMaterials/TilingAADots.uasset" 63
"../../../Engine/Content/EditorMaterials/Cascade/CASC_Cross.uasset" 64
"../../../Engine/Content/EditorMaterials/Cascade/CASC_None.uasset" 65
"../../../Engine/Content/Functions/Engine_MaterialFunctions03/Blends/Blend_Screen.uasset" 66
"../../../Engine/Content/EditorMaterials/TilingAAGrid.uasset" 67
"../../../Engine/Content/EditorMaterials/LevelGridMaterial.uasset" 68
"../../../Engine/Content/EditorMaterials/MakeCompositeARGBLayer.uasset" 69
"../../../Engine/Content/EditorResources/LevelGrid1DStripes.uasset" 70
"../../../Engine/Content/EditorMaterials/TextureGridCascaded1D.uasset" 71
"../../../Engine/Content/EditorMaterials/TextureGridCascaded2D.uasset" 72
"../../../Engine/Content/EditorMaterials/LevelGridMaterial2.uasset" 73
"../../../Engine/Content/EditorMaterials/MAT_Groups_Toggle.uasset" 74
"../../../Engine/Content/EditorMaterials/MAT_Groups_Visibility.uasset" 75
"../../../Engine/Content/EditorMaterials/AntialiasedGridFloor.uasset" 76
"../../../Engine/Content/EditorResources/TilePatine_D.uasset" 77
"../../../Engine/Content/EditorResources/TilePatine_N.uasset" 78
"../../../Engine/Content/EngineMaterials/Grid.uasset" 79
"../../../Engine/Content/EditorMaterials/PersonaFloorMat.uasset" 80
"../../../Engine/Content/EditorMaterials/PhAT_BoneSelectedMaterial.uasset" 81
"../../../Engine/Content/EditorMaterials/PhAT_ElemSelectedMaterial.uasset" 82
"../../../Engine/Content/EditorMaterials/PhAT_NoCollisionMaterial.uasset" 83
"../../../Engine/Content/EditorMaterials/PhAT_UnselectedMaterial.uasset" 84
"../../../Engine/Content/EditorMaterials/PreviewShadowIndicator.uasset" 85
"../../../Engine/Content/EditorMaterials/PreviewShadowIndicatorMaterial.uasset" 86
"../../../Engine/Content/EditorMaterials/TargetIcon.uasset" 87
"../../../Engine/Content/EditorMaterials/Tick.uasset" 88
"../../../Engine/Content/EditorMaterials/Tick_Mat.uasset" 89
"../../../Engine/Content/EditorMaterials/WidgetGridVertexColorMaterial.uasset" 90
"../../../Engine/Content/EditorMaterials/WidgetGridVertexColorMaterial_Ma.uasset" 91
"../../../Engine/Content/EditorMaterials/WidgetMaterial.uasset" 92
"../../../Engine/Content/EditorMaterials/WidgetMaterial_Current.uasset" 93
"../../../Engine/Content/EditorMaterials/WidgetMaterial_X.uasset" 94
"../../../Engine/Content/EditorMaterials/WidgetMaterial_Y.uasset" 95
"../../../Engine/Content/EditorMaterials/WidgetMaterial_Z.uasset" 96
"../../../Engine/Content/EditorMaterials/WidgetVertexColorMaterial.uasset" 97
"../../../Engine/Content/EditorMaterials/AssetViewer/EpicQuadPanorama_CC+EV1.uasset" 98
"../../../Engine/Content/EditorMaterials/MatineeGroups/MAT_ColorTrack.uasset" 99
"../../../Engine/Content/EditorMaterials/MatineeGroups/MAT_Groups_Anim.uasset" 100
"../../../Engine/Content/EditorMaterials/MatineeGroups/MAT_Groups_AudioMaster.uasset" 101
"../../../Engine/Content/EditorMaterials/MatineeGroups/MAT_Groups_Director.uasset" 102
"../../../Engine/Content/EditorMaterials/MatineeGroups/MAT_Groups_Event.uasset" 103
"../../../Engine/Content/EditorMaterials/MatineeGroups/MAT_Groups_Fade.uasset" 104
"../../../Engine/Content/EditorMaterials/MatineeGroups/MAT_Groups_Float.uasset" 105
"../../../Engine/Content/EditorMaterials/MatineeGroups/MAT_Groups_Move.uasset" 106
"../../../Engine/Content/EditorMaterials/MatineeGroups/MAT_Groups_Slomo.uasset" 107
"../../../Engine/Content/EditorMaterials/MatineeGroups/MAT_Groups_Sound.uasset" 108
"../../../Engine/Content/EditorMaterials/MatineeGroups/MAT_Groups_Vector.uasset" 109
"../../../Engine/Content/EditorMaterials/ParticleSystems/PSysThumbnail_NoImage.uasset" 110
"../../../Engine/Content/EditorMaterials/ParticleSystems/PSysThumbnail_OOD.uasset" 111
"../../../Engine/Content/EditorMaterials/Thumbnails/FloorPlaneMaterial.uasset" 112
"../../../Engine/Content/EditorMeshes/EditorCylinder.uasset" 113
"../../../Engine/Content/EditorMeshes/EditorPlane.uasset" 114
"../../../Engine/Content/EditorMaterials/Thumbnails/SkySphereMaterial.uasset" 115
"../../../Engine/Content/EditorMeshes/EditorSkySphere.uasset" 116
"../../../Engine/Content/EditorMeshes/EditorSphere.uasset" 117
"../../../Engine/Content/EditorResources/MatineeCam_D.uasset" 118
"../../../Engine/Content/EditorMaterials/MatineeCam_mat.uasset" 119
"../../../Engine/Content/EditorMeshes/MatineeCam_SM.uasset" 120
"../../../Engine/Content/Functions/Engine_MaterialFunctions01/Shading/ConvertFromDiffSpec.uasset" 121
"../../../Engine/Content/EditorMaterials/GridMaterial.uasset" 122
"../../../Engine/Content/EditorMeshes/PhAT_FloorBox.uasset" 123
"../../../Engine/Content/EditorMaterials/Camera/CineMat.uasset" 124
"../../../Engine/Content/EditorMaterials/Camera/MI_CineMat_CameraBody.uasset" 125
"../../../Engine/Content/EngineDebugMaterials/M_SimpleOpaque.uasset" 126
"../../../Engine/Content/EditorMaterials/Camera/MI_CineMat_CamViewFinder.uasset" 127
"../../../Engine/Content/EditorMeshes/Camera/SM_CineCam.uasset" 128
"../../../Engine/Content/EditorMaterials/Camera/MI_CineMat_Rig.uasset" 129
"../../../Engine/Content/EditorMeshes/Camera/SM_CraneRig_Arm.uasset" 130
"../../../Engine/Content/EditorMeshes/Camera/SM_CraneRig_Base.uasset" 131
"../../../Engine/Content/EditorMeshes/Camera/SM_CraneRig_Body.uasset" 132
"../../../Engine/Content/EditorMeshes/Camera/SM_CraneRig_Mount.uasset" 133
"../../../Engine/Content/EditorMeshes/Camera/SM_RailRig_Mount.uasset" 134
"../../../Engine/Content/EditorMeshes/Camera/SM_RailRig_Track.uasset" 135
"../../../Engine/Content/EditorMeshes/ColorCalibrator/M_ChromeBall.uasset" 136
"../../../Engine/Content/EditorMeshes/ColorCalibrator/M_ClearCoat.uasset" 137
"../../../Engine/Content/EditorMeshes/ColorCalibrator/M_ClearCoatBlack.uasset" 138
"../../../Engine/Content/EditorMeshes/ColorCalibrator/T_ColorGrid.uasset" 139
"../../../Engine/Content/EditorMeshes/ColorCalibrator/M_ColorGrid.uasset" 140
"../../../Engine/Content/EditorMeshes/ColorCalibrator/M_GreyBall.uasset" 141
"../../../Engine/Content/EditorMeshes/ColorCalibrator/SM_ColorCalibrator.uasset" 142
"../../../Engine/Content/EditorResources/Bad.uasset" 143
"../../../Engine/Content/EditorResources/BSPVertex.uasset" 144
"../../../Engine/Content/EditorResources/EmptyActor.uasset" 145
"../../../Engine/Content/EditorResources/MatInstActSprite.uasset" 146
"../../../Engine/Content/EditorResources/RGBTable16x1_AssetViewer.uasset" 147
"../../../Engine/Content/EditorResources/SceneManager.uasset" 148
"../../../Engine/Content/EditorResources/SmallFont.uasset" 149
"../../../Engine/Content/EditorResources/S_Actor.uasset" 150
"../../../Engine/Content/EditorResources/S_DecalActorIcon.uasset" 151
"../../../Engine/Content/EditorResources/S_Emitter.uasset" 152
"../../../Engine/Content/EditorResources/S_ExpoHeightFog.uasset" 153
"../../../Engine/Content/EditorResources/S_FTest.uasset" 154
"../../../Engine/Content/EditorResources/S_KBSJoint.uasset" 155
"../../../Engine/Content/EditorResources/S_KHinge.uasset" 156
"../../../Engine/Content/EditorResources/S_KPrismatic.uasset" 157
"../../../Engine/Content/EditorResources/S_LevelSequence.uasset" 158
"../../../Engine/Content/EditorResources/S_NavP.uasset" 159
"../../../Engine/Content/EditorResources/S_Note.uasset" 160
"../../../Engine/Content/EditorResources/S_Player.uasset" 161
"../../../Engine/Content/EditorResources/S_PortalActorIcon2.uasset" 162
"../../../Engine/Content/EditorResources/S_RadForce.uasset" 163
"../../../Engine/Content/EditorResources/S_ReflActorIcon.uasset" 164
"../../../Engine/Content/EditorResources/S_Terrain.uasset" 165
"../../../Engine/Content/EditorResources/S_TextRenderActorIcon.uasset" 166
"../../../Engine/Content/EditorResources/S_Thruster.uasset" 167
"../../../Engine/Content/EditorResources/S_Trigger.uasset" 168
"../../../Engine/Content/EditorResources/S_VectorFieldVol.uasset" 169
"../../../Engine/Content/EditorResources/S_WindDirectional.uasset" 170
"../../../Engine/Content/EditorResources/AI/S_NavLink.uasset" 171
"../../../Engine/Content/EditorResources/LightIcons/SkyLight.uasset" 172
"../../../Engine/Content/EditorResources/LightIcons/S_LightDirectional.uasset" 173
"../../../Engine/Content/EditorResources/LightIcons/S_LightDirectionalMove.uasset" 174
"../../../Engine/Content/EditorResources/LightIcons/S_LightError.uasset" 175
"../../../Engine/Content/EditorResources/LightIcons/S_LightPoint.uasset" 176
"../../../Engine/Content/EditorResources/LightIcons/S_LightPointMove.uasset" 177
"../../../Engine/Content/EditorResources/LightIcons/S_LightSpot.uasset" 178
"../../../Engine/Content/EditorResources/LightIcons/S_LightSpotMove.uasset" 179
"../../../Engine/Content/EditorResources/SequenceRecorder/Countdown.uasset" 180
"../../../Engine/Content/EditorResources/SequenceRecorder/RecordingIndicator.uasset" 181
"../../../Engine/Content/EditorResources/Spline/T_Loft_Spline.uasset" 182
"../../../Engine/Content/EditorSounds/Notifications/CompileFailed.uasset" 183
"../../../Engine/Content/EditorSounds/Notifications/CompileFailed_Cue.uasset" 184
"../../../Engine/Content/EditorSounds/Notifications/CompileSuccess.uasset" 185
"../../../Engine/Content/EditorSounds/Notifications/CompileStart_Cue.uasset" 186
"../../../Engine/Content/EditorSounds/Notifications/CompileSuccess_Cue.uasset" 187
"../../../Engine/Content/EngineDamageTypes/DmgTypeBP_Environmental.uasset" 188
"../../../Engine/Content/EngineDebugMaterials/HeatmapGradient.uasset" 189
"../../../Engine/Content/EngineDebugMaterials/BoneWeightMaterial.uasset" 190
"../../../Engine/Content/EngineDebugMaterials/DebugMeshMaterial.uasset" 191
"../../../Engine/Content/EngineDebugMaterials/GeomMaterial.uasset" 192
"../../../Engine/Content/EngineDebugMaterials/LevelColorationLitMaterial.uasset" 193
"../../../Engine/Content/EngineDebugMaterials/LevelColorationUnlitMaterial.uasset" 194
"../../../Engine/Content/EngineMaterials/DefaultWhiteGrid.uasset" 195
"../../../Engine/Content/EngineDebugMaterials/MAT_LevelColorationLitLightmapUV.uasset" 196
"../../../Engine/Content/EngineDebugMaterials/M_SimpleTranslucent.uasset" 197
"../../../Engine/Content/EngineDebugMaterials/ShadedLevelColorationLitMaterial.uasset" 198
"../../../Engine/Content/EngineDebugMaterials/ShadedLevelColorationUnlitMateri.uasset" 199
"../../../Engine/Content/EngineDebugMaterials/VertexColorMaterial.uasset" 200
"../../../Engine/Content/EngineDebugMaterials/VertexColorViewMode_AlphaAsColor.uasset" 201
"../../../Engine/Content/EngineDebugMaterials/VertexColorViewMode_BlueOnly.uasset" 202
"../../../Engine/Content/EngineDebugMaterials/VertexColorViewMode_ColorOnly.uasset" 203
"../../../Engine/Content/EngineDebugMaterials/VertexColorViewMode_GreenOnly.uasset" 204
"../../../Engine/Content/EngineDebugMaterials/VertexColorViewMode_RedOnly.uasset" 205
"../../../Engine/Content/EngineDebugMaterials/WireframeMaterial.uasset" 206
"../../../Engine/Content/EngineFonts/Faces/RobotoBold.uasset" 207
"../../../Engine/Content/EngineFonts/Faces/RobotoBoldItalic.uasset" 208
"../../../Engine/Content/EngineFonts/Faces/RobotoItalic.uasset" 209
"../../../Engine/Content/EngineFonts/Faces/RobotoLight.uasset" 210
"../../../Engine/Content/EngineFonts/Faces/RobotoRegular.uasset" 211
"../../../Engine/Content/EngineFonts/Roboto.uasset" 212
"../../../Engine/Content/EngineFonts/Faces/RobotoTiny.uasset" 213
"../../../Engine/Content/EngineFonts/RobotoTiny.uasset" 214
"../../../Engine/Content/EngineFonts/SmallFont.uasset" 215
"../../../Engine/Content/EngineFonts/TinyFont.uasset" 216
"../../../Engine/Content/EngineResources/WhiteSquareTexture.uasset" 217
"../../../Engine/Content/EngineMaterials/BlinkingCaret.uasset" 218
"../../../Engine/Content/EngineMaterials/DefaultBokeh.uasset" 219
"../../../Engine/Content/EngineMaterials/DefaultDiffuse.uasset" 220
"../../../Engine/Content/EngineMaterials/DefaultDeferredDecalMaterial.uasset" 221
"../../../Engine/Content/EngineMaterials/DefaultLightFunctionMaterial.uasset" 222
"../../../Engine/Content/EngineMaterials/DefaultNormal.uasset" 223
"../../../Engine/Content/EngineMaterials/DefaultPostProcessMaterial.uasset" 224
"../../../Engine/Content/EngineFonts/RobotoDistanceField.uasset" 225
"../../../Engine/Content/EngineMaterials/DefaultTextMaterialOpaque.uasset" 226
"../../../Engine/Content/EngineMaterials/EditorBrushMaterial.uasset" 227
"../../../Engine/Content/EngineMaterials/Grid_N.uasset" 228
"../../../Engine/Content/EngineMaterials/HighResolutionScreenshotMaskFunction.uasset" 229
"../../../Engine/Content/EngineMaterials/HighResScreenshot.uasset" 230
"../../../Engine/Content/EngineMaterials/HighResScreenshotCaptureRegion.uasset" 231
"../../../Engine/Content/EngineMaterials/HighResScreenshotMask.uasset" 232
"../../../Engine/Content/EngineMaterials/LandscapeHolePhysicalMaterial.uasset" 233
"../../../Engine/Content/EngineMaterials/InvalidLightmapSettings.uasset" 234
"../../../Engine/Content/EngineMaterials/M_InvalidLightmapSettings.uasset" 235
"../../../Engine/Content/EngineMaterials/PaperDiffuse.uasset" 236
"../../../Engine/Content/EngineMaterials/PaperNormal.uasset" 237
"../../../Engine/Content/EngineMaterials/PhAT_JointLimitMaterial.uasset" 238
"../../../Engine/Content/EngineMaterials/PhysMat_Rubber.uasset" 239
"../../../Engine/Content/EngineMaterials/PreintegratedSkinBRDF.uasset" 240
"../../../Engine/Content/EngineMaterials/RemoveSurfaceMaterial.uasset" 241
"../../../Engine/Content/EngineMaterials/WeightMapPlaceholderTexture.uasset" 242
"../../../Engine/Content/EngineMaterials/Widget3DPassThrough.uasset" 243
"../../../Engine/Content/EngineMaterials/Widget3DPassThrough_Masked.uasset" 244
"../../../Engine/Content/EngineMaterials/Widget3DPassThrough_Opaque.uasset" 245
"../../../Engine/Content/EngineMaterials/Widget3DPassThrough_Masked_OneSided.uasset" 246
"../../../Engine/Content/EngineMaterials/Widget3DPassThrough_Opaque_OneSided.uasset" 247
"../../../Engine/Content/EngineMaterials/Widget3DPassThrough_Translucent.uasset" 248
"../../../Engine/Content/EngineMaterials/Widget3DPassThrough_Translucent_OneSided.uasset" 249
"../../../Engine/Content/EngineMaterials/DefaultMaterial.uasset" 250
"../../../Engine/Content/EngineMeshes/Cube.uasset" 251
"../../../Engine/Content/EngineMeshes/Cylinder.uasset" 252
"../../../Engine/Content/EngineMeshes/Sphere.uasset" 253
"../../../Engine/Content/EngineResources/Black.uasset" 254
"../../../Engine/Content/EngineResources/DefaultTexture.uasset" 255
"../../../Engine/Content/EngineResources/DefaultTextureCube.uasset" 256
"../../../Engine/Content/EngineResources/GradientTexture0.uasset" 257
"../../../Engine/Content/EngineResources/StreamingPauseIcon.uasset" 258
"../../../Engine/Content/EngineResources/M_StreamingPause.uasset" 259
"../../../Engine/Content/EngineSounds/Master.uasset" 260
"../../../Engine/Content/Functions/Engine_MaterialFunctions01/Shading/PowerToRoughness.uasset" 261
"../../../Engine/Content/Maps/Templates/Thumbnails/Default.uasset" 262
"../../../Engine/Content/Maps/Templates/Thumbnails/VR-Basic.uasset" 263
"../../../Engine/Content/MobileResources/T_MobileControls_texture.uasset" 264
"../../../Engine/Content/MobileResources/T_MobileMenu2.uasset" 265
"../../../Engine/Content/MobileResources/HUD/AnalogHat.uasset" 266
"../../../Engine/Content/MobileResources/HUD/VirtualJoystick_Background.uasset" 267
"../../../Engine/Content/MobileResources/HUD/VirtualJoystick_Thumb.uasset" 268
"../../../Engine/Content/MobileResources/HUD/DefaultVirtualJoysticks.uasset" 269
"../../../Engine/Content/MobileResources/HUD/LeftVirtualJoystickOnly.uasset" 270
"../../../Engine/Content/MobileResources/HUD/MobileHUDButton1_off.uasset" 271
"../../../Engine/Content/MobileResources/HUD/MobileHUDButton1_on.uasset" 272
"../../../Engine/Content/MobileResources/HUD/MobileHUDButton2_off.uasset" 273
"../../../Engine/Content/MobileResources/HUD/MobileHUDButton2_on.uasset" 274
"../../../Engine/Content/MobileResources/HUD/MobileHUDButton3.uasset" 275
"../../../Engine/Content/MobileResources/HUD/MobileHUDButtonFire.uasset" 276
"../../../Engine/Content/MobileResources/HUD/MobileHUDDirectionPad.uasset" 277
"../../../Engine/Content/MobileResources/HUD/MobileHUDDirectionPad2.uasset" 278
"../../../Engine/Content/MobileResources/HUD/MobileHUDDirectionPad3.uasset" 279
"../../../Engine/Content/MobileResources/HUD/MobileHUDDirectionStick.uasset" 280
"../../../Engine/Content/MobileResources/HUD/T_Castle_ThumbstickInner.uasset" 281
"../../../Engine/Content/MobileResources/HUD/T_Castle_ThumbstickOutter.uasset" 282
"../../../Engine/Content/Tutorial/ContentIntroCurve.uasset" 283
"../../../Engine/Content/Tutorial/Basics/TutorialAssets/icon_tab_Levels_40x.uasset" 284
"../../../Engine/Content/Tutorial/BlueprintTutorials/TutorialAssets/BlueprintInterface_64x.uasset" 285
"../../../Engine/Content/Tutorial/BlueprintTutorials/TutorialAssets/BlueprintMacroLibrary_64x.uasset" 286
"../../../Engine/Content/Tutorial/BlueprintTutorials/TutorialAssets/Blueprint_64x.uasset" 287
"../../../Engine/Content/Tutorial/BlueprintTutorials/TutorialAssets/Tutorial_BP_Interface.uasset" 288
"../../../Engine/Content/Tutorial/Foliage/TutorialAssets/Foliage.uasset" 289
"../../../Engine/Content/Tutorial/Landscape/TutorialAssets/Landscape.uasset" 290
"../../../Engine/Content/Tutorial/Paper2D/TutorialAssets/Paper2DFlipbook_TutorialIcon.uasset" 291
"../../../Engine/Content/Tutorial/Paper2D/TutorialAssets/Paper2DSprite_TutorialIcon.uasset" 292
"../../../Engine/Content/Tutorial/SubEditors/TutorialAssets/icon_Editor_Preferences_General_40x.uasset" 293
"../../../Engine/Content/Tutorial/SubEditors/TutorialAssets/icon_ShowSkeletalMeshes_40x.uasset" 294
"../../../Engine/Content/Tutorial/SubEditors/TutorialAssets/TutorialMaterial.uasset" 295
"../../../Engine/Content/Tutorial/SubEditors/TutorialAssets/T_SmokeSubUV_8X8.uasset" 296
"../../../Engine/Content/Tutorial/SubEditors/TutorialAssets/T_soft_smoke.uasset" 297
"../../../Engine/Content/Tutorial/SubEditors/TutorialAssets/M_smoke_subUV_blackbody.uasset" 298
"../../../Engine/Content/Tutorial/SubEditors/TutorialAssets/TutorialParticleSystem.uasset" 299
"../../../Engine/Content/EditorMeshes/EditorCube.uasset" 300
"../../../Engine/Content/Tutorial/SubEditors/TutorialAssets/Tutorial_DM.uasset" 301
"../../../Engine/Content/VREditor/Devices/Generic/GenericHMDMaterial.uasset" 302
"../../../Engine/Content/VREditor/Devices/Generic/GenericHMD.uasset" 303
"../../../Engine/Content/VREditor/FloatingText/LineMaterial.uasset" 304
"../../../Engine/Content/VREditor/FloatingText/JointSphere.uasset" 305
"../../../Engine/Content/VREditor/FloatingText/LineSegmentCylinder.uasset" 306
"../../../Engine/Content/VREditor/Fonts/VRText_RobotoLarge.uasset" 307
"../../../Engine/Content/VREditor/Fonts/VRTextMaterial.uasset" 308
"../../../Engine/Content/VREditor/Fonts/TranslucentVRTextMaterial.uasset" 309
"../../../Engine/Content/VREditor/LaserPointer/VR_LaserPower_01.uasset" 310
"../../../Engine/Content/VREditor/LaserPointer/LaserPointerMaterial.uasset" 311
"../../../Engine/Content/VREditor/LaserPointer/LaserPointerMaterialInst.uasset" 312
"../../../Engine/Content/VREditor/LaserPointer/TranslucentLaserPointerMaterialInst.uasset" 313
"../../../Engine/Content/VREditor/LaserPointer/LaserPointerMesh.uasset" 314
"../../../Engine/Content/VREditor/Sounds/VR_grab_Cue.uasset" 315
"../../../Engine/Content/VREditor/Sounds/VR_teleport_Cue.uasset" 316
"../../../Engine/Content/VREditor/TransformGizmo/TransformGizmoMaterial.uasset" 317
"../../../Engine/Content/VREditor/TransformGizmo/TranslucentTransformGizmoMaterial.uasset" 318
"../../../Engine/Content/VREditor/TransformGizmo/BoundingBoxCorner.uasset" 319
"../../../Engine/Content/VREditor/TransformGizmo/BoundingBoxEdge.uasset" 320
"../../../Engine/Content/VREditor/TransformGizmo/PlaneTranslationHandle.uasset" 321
"../../../Engine/Content/VREditor/TransformGizmo/RotationHandle.uasset" 322
"../../../Engine/Content/VREditor/TransformGizmo/RotationHandleFull.uasset" 323
"../../../Engine/Content/VREditor/TransformGizmo/StretchingHandle.uasset" 324
"../../../Engine/Content/VREditor/TransformGizmo/TranslateHandleLong.uasset" 325
"../../../Engine/Content/VREditor/TransformGizmo/TranslationHandle.uasset" 326
"../../../Engine/Content/VREditor/TransformGizmo/UniformScaleHandle.uasset" 327
"../../../Engine/Content/VREditor/Tutorial/UMG/Specialized/AnimsForHands.uasset" 328
"../../../Engine/Content/VREditor/UI/CloseButtonMesh.uasset" 329
"../../../Engine/Content/VREditor/UI/SelectionBarMesh.uasset" 330
"../../../Engine/Content/Functions/Engine_MaterialFunctions01/Gradient/RadialGradient.uasset" 331
"../../../Engine/Content/VREditor/WorldMovementGrid/SimpleGrid.uasset" 332
"../../../Engine/Content/VREditor/WorldMovementGrid/GridMaterial.uasset" 333
"../../../Engine/Content/Functions/Engine_MaterialFunctions01/Density/ExponentialDensity.uasset" 334
"../../../Engine/Content/VREditor/WorldMovementGrid/GridPostProcess.uasset" 335
"../../../Engine/Content/EditorLandscapeResources/FlattenHeightMat.uasset" 336
"../../../Engine/Content/VREditor/WorldMovementGrid/PlaneMesh.uasset" 337
"../../../Clean/Content/VirtualRealityBP/Blueprints/PickupActorInterface.uasset" 338
"../../../Clean/Content/VirtualReality/Materials/M_BaseMaterial.uasset" 339
"../../../Clean/Content/VirtualReality/Materials/MI_SmallCubes.uasset" 340
"../../../Clean/Content/Geometry/Meshes/CubeMaterial.uasset" 341
"../../../Clean/Content/Geometry/Meshes/1M_Cube.uasset" 342
"../../../Clean/Content/Assets_Dereks/DL_Blueprints/BP_Prob_Pickup.uasset" 343
"../../../Clean/Content/Assets_Dereks/DL_Materials/Bomb_Red2.uasset" 344
"../../../Clean/Content/Assets_Dereks/DL_Materials/Bomb_Yellow.uasset" 345
"../../../Clean/Content/Assets_Dereks/DL_Static_mesh/DL_Key_Mesh.uasset" 346
"../../../Clean/Content/Assets_Dereks/DL_Assets/DL_Keys/Item1_Key.uasset" 347
"../../../Clean/Content/Assets_Dereks/DL_Maps_Specials/VR_MP_MainStart/Widgets/VR_Keyboard_Template.uasset" 348
"../../../Clean/Content/Assets_Dereks/AllLevels/GameInfoInstance.uasset" 349
"../../../Clean/Content/Assets_Dereks/AllLevels/PlayerInfo.uasset" 350
"../../../Clean/Content/Assets_Dereks/AllLevels/PlayerSaveGame.uasset" 351
"../../../Clean/Content/Assets_Dereks/DL_Sounds/door-lock-1.uasset" 352
"../../../Clean/Content/Assets_Dereks/DL_Blueprints/BP_Interact_Object.uasset" 353
"../../../Clean/Content/Assets_Dereks/DL_Charactors/0_Base.uasset" 354
"../../../Clean/Content/Assets_Dereks/Textures/barbarious.uasset" 355
"../../../Clean/Content/Assets_Dereks/DL_Maps_Specials/VR_MP_MainStart/Widgets/VR_KB_PlayerName.uasset" 356
"../../../Clean/Content/Assets_Dereks/DL_Maps_Specials/VR_MP_MainStart/Placeables/BP_KB_PlayerName.uasset" 357
"../../../Clean/Content/StarterContent/Materials/M_AssetPlatform.uasset" 358
"../../../Clean/Content/StarterContent/Textures/T_MacroVariation.uasset" 359
"../../../Clean/Content/StarterContent/Textures/T_Wood_Oak_D.uasset" 360
"../../../Clean/Content/StarterContent/Textures/T_Wood_Oak_N.uasset" 361
"../../../Clean/Content/StarterContent/Materials/M_Wood_Oak.uasset" 362
"../../../Engine/Content/BasicShapes/Cube.uasset" 363
"../../../Clean/Content/Assets_Dereks/DL_Maps_Specials/VR_MP_MainStart/Placeables/BP_KB_PN_Frame.uasset" 364
"../../../Clean/Content/Assets_Dereks/DL_Maps_Specials/VR_MP_MainStart/Widgets/VR_KB_ServerName.uasset" 365
"../../../Clean/Content/Assets_Dereks/DL_Maps_Specials/VR_MP_MainStart/Placeables/BP_KB_SN_Frame.uasset" 366
"../../../Clean/Content/Assets_Dereks/DL_Maps_Specials/VR_MP_MainStart/Widgets/VT_Join_Menu.uasset" 367
"../../../Clean/Content/Assets_Dereks/DL_Maps_Specials/VR_MP_MainStart/Placeables/Join_Options.uasset" 368
"../../../Clean/Content/Assets_Dereks/DL_Maps_Specials/VR_MP_MainStart/Widgets/VR_HostMenu.uasset" 369
"../../../Clean/Content/Assets_Dereks/DL_Maps_Specials/VR_MP_MainStart/Placeables/ServerSettings.uasset" 370
"../../../Clean/Content/VirtualRealityBP/Blueprints/BP_PickupCube.uasset" 371
"../../../Engine/Content/Functions/Engine_MaterialFunctions02/Utility/CameraDirectionVector.uasset" 372
"../../../Engine/Content/Functions/Engine_MaterialFunctions02/Utility/DepthFromWorldPosition.uasset" 373
"../../../Clean/Content/VirtualReality/Materials/MF_OccludedPixels.uasset" 374
"../../../Clean/Content/VirtualReality/Materials/TeleportMCP.uasset" 375
"../../../Engine/Content/EngineMaterials/Good64x64TilingNoiseHighFreq.uasset" 376
"../../../Clean/Content/VirtualReality/Materials/M_ArcEndpoint.uasset" 377
"../../../Clean/Content/VirtualReality/Materials/M_TeleportPreviews.uasset" 378
"../../../Clean/Content/VirtualReality/Materials/MI_TeleportCylinderPreview.uasset" 379
"../../../Engine/Content/BasicShapes/Cylinder.uasset" 380
"../../../Clean/Content/VirtualReality/Meshes/BeaconDirection.uasset" 381
"../../../Clean/Content/VirtualReality/Meshes/SM_FatCylinder.uasset" 382
"../../../Clean/Content/VirtualRealityBP/Blueprints/HMDLocomotionPawn.uasset" 383
"../../../Engine/Plugins/2D/Paper2D/Content/PlaceholderTextures/DummySpriteTexture.uasset" 384
"../../../Engine/Plugins/2D/Paper2D/Content/DummySpriteTexture.uasset" 385
"../../../Engine/Plugins/2D/Paper2D/Content/DummySprite.uasset" 386
"../../../Engine/Plugins/2D/Paper2D/Content/DefaultPaperTerrainMaterial.uasset" 387
"../../../Engine/Plugins/2D/Paper2D/Content/DefaultSpriteMaterial.uasset" 388
"../../../Engine/Plugins/2D/Paper2D/Content/MaskedUnlitSpriteMaterial.uasset" 389
"../../../Engine/Plugins/2D/Paper2D/Content/OpaqueUnlitSpriteMaterial.uasset" 390
"../../../Engine/Content/EngineSky/C_Sky_Cloud_Color.uasset" 391
"../../../Engine/Content/EngineSky/C_Sky_Horizon_Color.uasset" 392
"../../../Engine/Content/EngineSky/C_Sky_Zenith_Color.uasset" 393
"../../../Engine/Content/EngineSky/T_Sky_Blue.uasset" 394
"../../../Engine/Content/EngineSky/T_Sky_Clouds_M.uasset" 395
"../../../Engine/Content/EngineSky/T_Sky_Stars.uasset" 396
"../../../Engine/Content/EngineSky/M_Sky_Panning_Clouds2.uasset" 397
"../../../Engine/Content/EngineSky/SM_SkySphere.uasset" 398
"../../../Engine/Content/EngineSky/BP_Sky_Sphere.uasset" 399
"../../../Clean/Content/Assets_Dereks/DL_Blueprints/DL_LevelChange.uasset" 400
"../../../Clean/Content/VirtualReality/Mannequin/Character/Mesh/MannequinHand_Right_Skeleton.uasset" 401
"../../../Clean/Content/VirtualReality/Mannequin/Animations/MannequinHand_Right_CanGrab.uasset" 402
"../../../Clean/Content/VirtualReality/Mannequin/Animations/MannequinHand_Right_Grab.uasset" 403
"../../../Clean/Content/VirtualReality/Mannequin/Animations/MannequinHand_Right_Open.uasset" 404
"../../../Clean/Content/VirtualReality/Mannequin/Animations/RightGrip_BS.uasset" 405
"../../../Clean/Content/VirtualRealityBP/Blueprints/GripEnum.uasset" 406
"../../../Clean/Content/VirtualReality/Mannequin/Animations/RightHand_AnimBP.uasset" 407
"../../../Clean/Content/VirtualReality/Materials/M_SplineArcMat.uasset" 408
"../../../Clean/Content/VirtualReality/Materials/MI_ChaperoneOutline.uasset" 409
"../../../Engine/Content/BasicShapes/Sphere.uasset" 410
"../../../Clean/Content/VirtualReality/Mannequin/Character/Textures/UE4_Mannequin__normals.uasset" 411
"../../../Clean/Content/VirtualReality/Mannequin/Character/Textures/UE4_Mannequin_MAT_MASKA.uasset" 412
"../../../Clean/Content/VirtualReality/Mannequin/Character/Materials/M_HandMat.uasset" 413
"../../../Clean/Content/VirtualReality/Mannequin/Character/Mesh/MannequinHand_Right_PhysicsAsset.uasset" 414
"../../../Clean/Content/VirtualReality/Mannequin/Character/Mesh/MannequinHand_Right.uasset" 415
"../../../Clean/Content/VirtualReality/Meshes/1x1_cube.uasset" 416
"../../../Clean/Content/VirtualReality/Meshes/BeamMesh.uasset" 417
"../../../Clean/Content/VirtualRealityBP/Blueprints/BP_MotionController.uasset" 418
"../../../Clean/Content/VirtualRealityBP/Blueprints/MotionControllerPawn.uasset" 419
"../../../Clean/Content/Assets_Dereks/DL_Maps_Specials/VR_MP_MainStart/Map/VR_MP_Start_BuiltData.uasset" 420
"../../../Clean/Content/Assets_Dereks/DL_Materials/Bomb_Black.uasset" 421
"../../../Clean/Content/Assets_Dereks/Textures/DL_tile.uasset" 422
"../../../Clean/Content/StarterContent/Textures/T_Ceramic_Tile_N.uasset" 423
"../../../Clean/Content/Assets_Dereks/DL_Materials/DL_Tiles1.uasset" 424
"../../../Clean/Content/StarterContent/Materials/M_Glass.uasset" 425
"../../../Clean/Content/StarterContent/Textures/T_Door_M.uasset" 426
"../../../Clean/Content/StarterContent/Textures/T_Door_N.uasset" 427
"../../../Clean/Content/StarterContent/Props/Materials/M_Door.uasset" 428
"../../../Clean/Content/Assets_Dereks/DL_Assets/DL_Props/DL_Door_Solid.uasset" 429
"../../../Clean/Content/StarterContent/Textures/T_Wood_Walnut_D.uasset" 430
"../../../Clean/Content/StarterContent/Textures/T_Wood_Walnut_N.uasset" 431
"../../../Clean/Content/StarterContent/Materials/M_Wood_Walnut.uasset" 432
"../../../Clean/Content/Assets_Mikes/Desks/Main/Right_Handed/Desk_Right_handed.uasset" 433
"../../../Clean/Content/Assets_Dereks/DL_Maps_Specials/VR_MP_MainStart/Map/VR_MP_Start.umap" 434
"../../../Clean/Content/Assets_Dereks/DL_Blueprints/BP_Pickup_Bomb.uasset" 435
"../../../Clean/Content/StarterContent/Materials/M_Metal_Chrome.uasset" 436
"../../../Clean/Content/StarterContent/Textures/T_Smoke_SubUV.uasset" 437
"../../../Clean/Content/StarterContent/Textures/T_Smoke_Tiled_D.uasset" 438
"../../../Clean/Content/StarterContent/Particles/Materials/M_smoke_subUV.uasset" 439
"../../../Clean/Content/StarterContent/Particles/P_Smoke.uasset" 440
"../../../Clean/Content/Assets_Dereks/DL_Assets/DL_Traps/BP_Lighter.uasset" 441
"../../../Clean/Content/StarterContent/Textures/T_Brick_Clay_New_D.uasset" 442
"../../../Clean/Content/StarterContent/Textures/T_Brick_Clay_New_M.uasset" 443
"../../../Clean/Content/StarterContent/Textures/T_Brick_Clay_New_N.uasset" 444
"../../../Clean/Content/StarterContent/Textures/T_Detail_Rocky_N.uasset" 445
"../../../Clean/Content/StarterContent/Materials/M_Brick_Clay_New.uasset" 446
"../../../Clean/Content/StarterContent/Textures/T_Metal_Copper_D.uasset" 447
"../../../Clean/Content/StarterContent/Textures/T_Metal_Gold_N.uasset" 448
"../../../Clean/Content/StarterContent/Materials/M_Metal_Copper.uasset" 449
"../../../Engine/Content/Functions/Engine_MaterialFunctions02/Utility/BlendAngleCorrectedNormals.uasset" 450
"../../../Clean/Content/StarterContent/Textures/T_Metal_Rust_D.uasset" 451
"../../../Clean/Content/StarterContent/Textures/T_Metal_Rust_N.uasset" 452
"../../../Clean/Content/StarterContent/Materials/M_Metal_Rust.uasset" 453
"../../../Clean/Content/Assets_Dereks/DL_Static_mesh/DL_Bomb_Mesh2.uasset" 454
"../../../Clean/Content/StarterContent/Audio/Explosion02.uasset" 455
"../../../Clean/Content/StarterContent/Textures/T_Burst_M.uasset" 456
"../../../Clean/Content/StarterContent/Particles/Materials/M_Burst.uasset" 457
"../../../Clean/Content/StarterContent/Textures/T_Explosion_SubUV.uasset" 458
"../../../Clean/Content/StarterContent/Particles/Materials/M_explosion_subUV.uasset" 459
"../../../Clean/Content/StarterContent/Particles/Materials/m_flare_01.uasset" 460
"../../../Clean/Content/StarterContent/Particles/Materials/M_radial_ramp.uasset" 461
"../../../Clean/Content/StarterContent/Particles/P_Explosion.uasset" 462
"../../../Clean/Content/Assets_Dereks/DL_Explosions/Explosion1.uasset" 463
"../../../Engine/Content/MapTemplates/Sky/DaylightAmbientCubemap.uasset" 464
"../../../Clean/Content/StarterContent/Blueprints/Assets/M_LightStage_Skybox_Master.uasset" 465
"../../../Clean/Content/StarterContent/Blueprints/Assets/M_LightStage_Skybox_Black.uasset" 466
"../../../Clean/Content/StarterContent/Textures/T_Fire_SubUV.uasset" 467
"../../../Clean/Content/StarterContent/Textures/T_Fire_Tiled_D.uasset" 468
"../../../Clean/Content/StarterContent/Particles/Materials/M_Fire_SubUV.uasset" 469
"../../../Clean/Content/StarterContent/Textures/T_Water_N.uasset" 470
"../../../Clean/Content/StarterContent/Particles/Materials/M_Heat_Distortion.uasset" 471
"../../../Clean/Content/StarterContent/Particles/Materials/M_Radial_Gradient.uasset" 472
"../../../Clean/Content/StarterContent/Particles/P_Fire.uasset" 473
"../../../Clean/Content/StarterContent/Textures/T_Spark_Core.uasset" 474
"../../../Clean/Content/StarterContent/Particles/Materials/M_Spark.uasset" 475
"../../../Clean/Content/StarterContent/Particles/P_Sparks.uasset" 476
"../../../Clean/Content/Assets_Dereks/DL_Assets/DL_Traps/BP_Trap_Bomb.uasset" 477
"../../../Clean/Content/Assets_Dereks/DL_Blueprints/BP_BackPack.uasset" 478
"../../../Clean/Content/StarterContent/Textures/T_Ground_Grass_D.uasset" 479
"../../../Clean/Content/StarterContent/Textures/T_Ground_Grass_N.uasset" 480
"../../../Clean/Content/StarterContent/Textures/T_Perlin_Noise_M.uasset" 481
"../../../Clean/Content/StarterContent/Materials/M_Ground_Grass.uasset" 482
"../../../Clean/Content/Assets_Dereks/DL_Maps/GameLevel1.umap" 483
